<?xml version="1.0" encoding="UTF-8"?>
<!-- Generated by org.testng.reporters.JUnitXMLReporter -->
<testsuite hostname="DESKTOP-O3E0A86" ignored="0" name="Test-chrome" tests="1" failures="0" timestamp="2020-07-06T20:09:47 IST" time="9.493" errors="0">
  <testcase name="login" time="2.521" classname="com.TestCases.framework.SearchText"/>
</testsuite> <!-- Test-chrome -->
