<?xml version="1.0" encoding="UTF-8"?>
<!-- Generated by org.testng.reporters.JUnitXMLReporter -->
<testsuite hostname="DESKTOP-O3E0A86" ignored="0" name="Test-chrome" tests="2" failures="0" timestamp="2020-07-07T06:15:58 IST" time="8.131" errors="0">
  <testcase name="login" time="1.963" classname="com.TestCases.framework.SearchText"/>
  <testcase name="selectSeleniumDevLink" time="0.752" classname="com.TestCases.framework.SearchText"/>
</testsuite> <!-- Test-chrome -->
