<?xml version="1.0" encoding="UTF-8"?>
<!-- Generated by org.testng.reporters.JUnitReportReporter -->
<testsuite skipped="0" hostname="DESKTOP-O3E0A86" name="com.Base.framework.MultiBrowser2" tests="2" failures="0" timestamp="2020-07-06T08:30:36 IST" time="5.586" errors="0">
  <testcase name="login" time="0.116" classname="com.Base.framework.MultiBrowser2"/>
  <system-out/>
  <testcase name="login" time="5.470" classname="com.Base.framework.MultiBrowser2"/>
  <system-out/>
</testsuite> <!-- com.Base.framework.MultiBrowser2 -->
