<?xml version="1.0" encoding="UTF-8"?>
<!-- Generated by org.testng.reporters.JUnitReportReporter -->
<testsuite skipped="0" hostname="DESKTOP-O3E0A86" name="com.TestCases.framework.SearchTextFirefox" tests="1" failures="0" timestamp="2020-07-07T05:59:21 IST" time="0.419" errors="0">
  <testcase name="login" time="0.419" classname="com.TestCases.framework.SearchTextFirefox"/>
  <system-out/>
</testsuite> <!-- com.TestCases.framework.SearchTextFirefox -->
