<?xml version="1.0" encoding="UTF-8"?>
<!-- Generated by org.testng.reporters.JUnitReportReporter -->
<testsuite skipped="0" hostname="DESKTOP-O3E0A86" name="com.TestCases.framework.SearchText1" tests="2" failures="0" timestamp="2020-07-06T09:54:57 IST" time="6.663" errors="0">
  <testcase name="login" time="1.733" classname="com.TestCases.framework.SearchText1"/>
  <system-out/>
  <testcase name="login" time="4.930" classname="com.TestCases.framework.SearchText1"/>
  <system-out/>
</testsuite> <!-- com.TestCases.framework.SearchText1 -->
