<?xml version="1.0" encoding="UTF-8"?>
<!-- Generated by org.testng.reporters.JUnitReportReporter -->
<testsuite skipped="0" hostname="DESKTOP-O3E0A86" name="com.TestCases.framework.SearchTextChrome" tests="2" failures="0" timestamp="2020-07-07T05:59:21 IST" time="2.647" errors="0">
  <testcase name="login" time="1.996" classname="com.TestCases.framework.SearchTextChrome"/>
  <system-out/>
  <testcase name="selectSeleniumDevLink" time="0.651" classname="com.TestCases.framework.SearchTextChrome"/>
  <system-out/>
</testsuite> <!-- com.TestCases.framework.SearchTextChrome -->
