<?xml version="1.0" encoding="UTF-8"?>
<!-- Generated by org.testng.reporters.JUnitReportReporter -->
<testsuite skipped="0" hostname="DESKTOP-O3E0A86" name="com.TestCases.framework.SearchText" tests="2" failures="0" timestamp="2020-07-06T20:09:47 IST" time="2.958" errors="0">
  <testcase name="login" time="2.521" classname="com.TestCases.framework.SearchText"/>
  <system-out/>
  <testcase name="login" time="0.437" classname="com.TestCases.framework.SearchText"/>
  <system-out/>
</testsuite> <!-- com.TestCases.framework.SearchText -->
